2021-11-11 14:41:56,684 INFO org.hibernate.validator.internal.util.Version [background-preinit] HV000001: Hibernate Validator 6.2.0.Final
2021-11-11 14:41:56,684 INFO org.springframework.boot.StartupInfoLogger [main] Starting JavaMasteryEmployeedbJPAApplication using Java 14.0.1 on DESKTOP-32UJSLQ with PID 3048 (D:\IT\workspace\java_mastery_employeedb_jpa\target\classes started by Lenovo in D:\IT\workspace\java_mastery_employeedb_jpa)
2021-11-11 14:41:56,692 INFO org.springframework.boot.SpringApplication [main] No active profile set, falling back to default profiles: default
2021-11-11 14:41:58,461 INFO org.springframework.data.repository.config.RepositoryConfigurationDelegate [main] Bootstrapping Spring Data JPA repositories in DEFAULT mode.
2021-11-11 14:41:59,018 INFO org.springframework.data.repository.config.RepositoryConfigurationDelegate [main] Finished Spring Data repository scanning in 72 ms. Found 1 JPA repository interfaces.
2021-11-11 14:42:00,027 INFO org.springframework.boot.web.embedded.tomcat.TomcatWebServer [main] Tomcat initialized with port(s): 8080 (http)
2021-11-11 14:42:00,047 INFO org.apache.juli.logging.DirectJDKLog [main] Initializing ProtocolHandler ["http-nio-8080"]
2021-11-11 14:42:00,047 INFO org.apache.juli.logging.DirectJDKLog [main] Starting service [Tomcat]
2021-11-11 14:42:00,048 INFO org.apache.juli.logging.DirectJDKLog [main] Starting Servlet engine: [Apache Tomcat/9.0.52]
2021-11-11 14:42:00,268 INFO org.apache.juli.logging.DirectJDKLog [main] Initializing Spring embedded WebApplicationContext
2021-11-11 14:42:00,268 INFO org.springframework.boot.web.servlet.context.ServletWebServerApplicationContext [main] Root WebApplicationContext: initialization completed in 3515 ms
2021-11-11 14:42:00,578 INFO com.zaxxer.hikari.HikariDataSource [main] HikariPool-1 - Starting...
2021-11-11 14:42:01,156 INFO com.zaxxer.hikari.HikariDataSource [main] HikariPool-1 - Start completed.
2021-11-11 14:42:01,233 INFO org.hibernate.jpa.internal.util.LogHelper [main] HHH000204: Processing PersistenceUnitInfo [name: default]
2021-11-11 14:42:01,309 INFO org.hibernate.Version [main] HHH000412: Hibernate ORM core version 5.4.32.Final
2021-11-11 14:42:01,510 INFO org.hibernate.annotations.common.reflection.java.JavaReflectionManager [main] HCANN000001: Hibernate Commons Annotations {5.1.2.Final}
2021-11-11 14:42:01,749 INFO org.hibernate.dialect.Dialect [main] HHH000400: Using dialect: org.hibernate.dialect.PostgreSQL10Dialect
2021-11-11 14:42:02,743 INFO org.hibernate.engine.transaction.jta.platform.internal.JtaPlatformInitiator [main] HHH000490: Using JtaPlatform implementation: [org.hibernate.engine.transaction.jta.platform.internal.NoJtaPlatform]
2021-11-11 14:42:02,758 INFO org.springframework.orm.jpa.AbstractEntityManagerFactoryBean [main] Initialized JPA EntityManagerFactory for persistence unit 'default'
2021-11-11 14:42:03,485 WARN org.springframework.boot.autoconfigure.orm.jpa.JpaBaseConfiguration$JpaWebConfiguration [main] spring.jpa.open-in-view is enabled by default. Therefore, database queries may be performed during view rendering. Explicitly configure spring.jpa.open-in-view to disable this warning
2021-11-11 14:42:03,684 INFO org.springframework.boot.actuate.endpoint.web.EndpointLinksResolver [main] Exposing 7 endpoint(s) beneath base path '/actuator'
2021-11-11 14:42:04,089 INFO org.apache.juli.logging.DirectJDKLog [main] Starting ProtocolHandler ["http-nio-8080"]
2021-11-11 14:42:04,115 INFO org.springframework.boot.web.embedded.tomcat.TomcatWebServer [main] Tomcat started on port(s): 8080 (http) with context path ''
2021-11-11 14:42:04,539 INFO org.springframework.boot.StartupInfoLogger [main] Started JavaMasteryEmployeedbJPAApplication in 8.514 seconds (JVM running for 9.248)
2021-11-11 14:42:42,971 INFO org.apache.juli.logging.DirectJDKLog [http-nio-8080-exec-1] Initializing Spring DispatcherServlet 'dispatcherServlet'
2021-11-11 14:42:42,972 INFO org.springframework.web.servlet.FrameworkServlet [http-nio-8080-exec-1] Initializing Servlet 'dispatcherServlet'
2021-11-11 14:42:42,974 INFO org.springframework.web.servlet.FrameworkServlet [http-nio-8080-exec-1] Completed initialization in 2 ms
2021-11-11 14:58:53,745 WARN com.zaxxer.hikari.pool.HikariPool$HouseKeeper [HikariPool-1 housekeeper] HikariPool-1 - Thread starvation or clock leap detected (housekeeper delta=10m52s391ms384µs600ns).
2021-11-11 17:11:33,700 WARN com.zaxxer.hikari.pool.HikariPool$HouseKeeper [HikariPool-1 housekeeper] HikariPool-1 - Thread starvation or clock leap detected (housekeeper delta=5m7s896ms788µs400ns).
